<?xml version="1.0" encoding="UTF-8"?>
<coverage generated="1775568366434" clover="3.2.0">
  <project timestamp="1775568366434" name="All files">
    <metrics statements="39" coveredstatements="39" conditionals="13" coveredconditionals="13" methods="14" coveredmethods="12" elements="66" coveredelements="64" complexity="0" loc="39" ncloc="39" packages="2" files="7" classes="7"/>
    <package name="api">
      <metrics statements="3" coveredstatements="3" conditionals="0" coveredconditionals="0" methods="2" coveredmethods="0"/>
      <file name="axiosClient.js" path="C:\Users\fadzai.feli\source\repos\CountriesApplication\countriesapplication.client\src\api\axiosClient.js">
        <metrics statements="1" coveredstatements="1" conditionals="0" coveredconditionals="0" methods="0" coveredmethods="0"/>
        <line num="3" count="2" type="stmt"/>
      </file>
      <file name="countryApi.js" path="C:\Users\fadzai.feli\source\repos\CountriesApplication\countriesapplication.client\src\api\countryApi.js">
        <metrics statements="2" coveredstatements="2" conditionals="0" coveredconditionals="0" methods="2" coveredmethods="0"/>
        <line num="3" count="2" type="stmt"/>
        <line num="5" count="2" type="stmt"/>
      </file>
    </package>
    <package name="components">
      <metrics statements="36" coveredstatements="36" conditionals="13" coveredconditionals="13" methods="12" coveredmethods="12"/>
      <file name="CountryGrid.jsx" path="C:\Users\fadzai.feli\source\repos\CountriesApplication\countriesapplication.client\src\components\CountryGrid.jsx">
        <metrics statements="6" coveredstatements="6" conditionals="2" coveredconditionals="2" methods="4" coveredmethods="4"/>
        <line num="7" count="13" type="stmt"/>
        <line num="9" count="13" type="stmt"/>
        <line num="12" count="36" type="stmt"/>
        <line num="14" count="36" type="stmt"/>
        <line num="19" count="2" type="stmt"/>
        <line num="24" count="5" type="stmt"/>
      </file>
      <file name="CountryIndexContainer.jsx" path="C:\Users\fadzai.feli\source\repos\CountriesApplication\countriesapplication.client\src\components\CountryIndexContainer.jsx">
        <metrics statements="13" coveredstatements="13" conditionals="7" coveredconditionals="7" methods="3" coveredmethods="3"/>
        <line num="13" count="14" type="stmt"/>
        <line num="14" count="14" type="stmt"/>
        <line num="15" count="14" type="stmt"/>
        <line num="17" count="14" type="stmt"/>
        <line num="19" count="8" type="stmt"/>
        <line num="20" count="8" type="stmt"/>
        <line num="21" count="8" type="stmt"/>
        <line num="22" count="4" type="stmt"/>
        <line num="24" count="2" type="stmt"/>
        <line num="25" count="2" type="stmt"/>
        <line num="27" count="6" type="stmt"/>
        <line num="31" count="8" type="stmt"/>
        <line num="34" count="14" type="stmt"/>
      </file>
      <file name="FlagCard.jsx" path="C:\Users\fadzai.feli\source\repos\CountriesApplication\countriesapplication.client\src\components\FlagCard.jsx">
        <metrics statements="1" coveredstatements="1" conditionals="0" coveredconditionals="0" methods="1" coveredmethods="1"/>
        <line num="4" count="5" type="stmt"/>
      </file>
      <file name="FlagCardDetails.jsx" path="C:\Users\fadzai.feli\source\repos\CountriesApplication\countriesapplication.client\src\components\FlagCardDetails.jsx">
        <metrics statements="15" coveredstatements="15" conditionals="4" coveredconditionals="4" methods="3" coveredmethods="3"/>
        <line num="7" count="16" type="stmt"/>
        <line num="8" count="16" type="stmt"/>
        <line num="9" count="16" type="stmt"/>
        <line num="11" count="16" type="stmt"/>
        <line num="13" count="7" type="stmt"/>
        <line num="14" count="7" type="stmt"/>
        <line num="15" count="7" type="stmt"/>
        <line num="16" count="5" type="stmt"/>
        <line num="18" count="1" type="stmt"/>
        <line num="19" count="1" type="stmt"/>
        <line num="21" count="6" type="stmt"/>
        <line num="25" count="7" type="stmt"/>
        <line num="28" count="16" type="cond" truecount="2" falsecount="0"/>
        <line num="29" count="9" type="cond" truecount="2" falsecount="0"/>
        <line num="31" count="8" type="stmt"/>
      </file>
      <file name="LoadingComponent.jsx" path="C:\Users\fadzai.feli\source\repos\CountriesApplication\countriesapplication.client\src\components\LoadingComponent.jsx">
        <metrics statements="1" coveredstatements="1" conditionals="0" coveredconditionals="0" methods="1" coveredmethods="1"/>
        <line num="7" count="3" type="stmt"/>
      </file>
    </package>
  </project>
</coverage>
